2022-05-21 23:37:32.223 ERROR [main] [connection.AppServer.main(AppServer.java:28)] - Connection to localhost:9000 refused. Check that the hostname and port are correct and that the postmaster is accepting TCP/IP connections.
2022-05-21 23:39:31.363 INFO [main] [manager.database.DatabaseManager.<init>(DatabaseManager.java:26)] - Has been connected to database. 
2022-05-21 23:39:31.366 INFO [main] [connection.AppServer.main(AppServer.java:21)] - Server works. 
2022-05-21 23:40:09.578 INFO [main] [connection.Server.createNewChannel(Server.java:93)] - New channel is connected. 
2022-05-21 23:40:09.638 INFO [main] [connection.Server.registerRequest(Server.java:119)] - Given new request: null. 
2022-05-21 23:40:09.643 INFO [main] [connection.Server.handleClientRequest(Server.java:148)] - Command data has been sent. 

2022-05-21 23:40:41.115 INFO [main] [connection.AppServer.main(AppServer.java:23)] - Server finished. 
2022-05-21 23:40:41.118 INFO [main] [connection.AppServer.main(AppServer.java:25)] - The collection has been saved. 

2022-05-21 23:40:50.929 INFO [main] [manager.database.DatabaseManager.<init>(DatabaseManager.java:26)] - Has been connected to database. 
2022-05-21 23:40:50.934 INFO [main] [connection.AppServer.main(AppServer.java:21)] - Server works. 
2022-05-21 23:41:14.313 INFO [main] [connection.Server.createNewChannel(Server.java:93)] - New channel is connected. 
2022-05-21 23:41:14.324 INFO [main] [connection.Server.registerRequest(Server.java:119)] - Given new request: null. 
2022-05-21 23:41:14.327 INFO [main] [connection.Server.handleClientRequest(Server.java:148)] - Command data has been sent. 

2022-05-21 23:41:17.297 INFO [main] [connection.Server.registerRequest(Server.java:119)] - Given new request: show. 
2022-05-21 23:41:17.308 INFO [main] [connection.Server.handleClientRequest(Server.java:145)] - FAILED - state response which has sent. 

2022-05-21 23:41:47.310 INFO [main] [connection.Server.readByKey(Server.java:102)] - Channel has been disconnect. 
2022-05-21 23:41:53.526 INFO [main] [connection.AppServer.main(AppServer.java:23)] - Server finished. 
2022-05-21 23:41:53.527 INFO [main] [connection.AppServer.main(AppServer.java:25)] - The collection has been saved. 

2022-05-21 23:43:12.843 INFO [main] [manager.database.DatabaseManager.<init>(DatabaseManager.java:26)] - Has been connected to database. 
2022-05-21 23:43:12.849 INFO [main] [connection.AppServer.main(AppServer.java:21)] - Server works. 
2022-05-21 23:43:18.470 INFO [main] [connection.Server.createNewChannel(Server.java:91)] - New channel is connected. 
2022-05-21 23:43:18.521 INFO [main] [connection.Server.registerRequest(Server.java:117)] - Given new request: null. 
2022-05-21 23:43:18.532 INFO [main] [connection.Server.handleClientRequest(Server.java:146)] - Command data has been sent. 

2022-05-21 23:49:15.541 INFO [main] [connection.Server.readByKey(Server.java:100)] - Channel has been disconnect. 
2022-05-21 23:49:19.953 INFO [main] [connection.AppServer.main(AppServer.java:23)] - Server finished. 
2022-05-21 23:49:19.956 INFO [main] [connection.AppServer.main(AppServer.java:25)] - The collection has been saved. 

